2024-02-21 04:41:05 Error: [ParseError] syntax error, unexpected '}', expecting ';' or ','
Request URL: /
Stack Trace:
#0 [internal function]: App::load('AppController')
#1 /Users/fdc-ramces-mt-web/Documents/trainings/blog/app/Controller/PagesController.php(31): spl_autoload_call('AppController')
#2 /Users/fdc-ramces-mt-web/Documents/trainings/blog/lib/Cake/Core/App.php(567): include('/Users/fdc-ramc...')
#3 [internal function]: App::load('PagesController')
#4 [internal function]: spl_autoload_call('PagesController')
#5 /Users/fdc-ramces-mt-web/Documents/trainings/blog/lib/Cake/Routing/Dispatcher.php(266): class_exists('PagesController')
#6 /Users/fdc-ramces-mt-web/Documents/trainings/blog/lib/Cake/Routing/Dispatcher.php(235): Dispatcher->_loadController(Object(CakeRequest))
#7 /Users/fdc-ramces-mt-web/Documents/trainings/blog/lib/Cake/Routing/Dispatcher.php(158): Dispatcher->_getController(Object(CakeRequest), Object(CakeResponse))
#8 /Users/fdc-ramces-mt-web/Documents/trainings/blog/app/webroot/index.php(117): Dispatcher->dispatch(Object(CakeRequest), Object(CakeResponse))
#9 {main}
2024-02-21 04:41:05 Error: Fatal Error (16): Exception thrown without a stack frame in [Unknown, line 0]
2024-02-21 04:41:05 Error: [FatalErrorException] Exception thrown without a stack frame
Request URL: /
Stack Trace:
#0 /Users/fdc-ramces-mt-web/Documents/trainings/blog/lib/Cake/Error/ErrorHandler.php(212): ErrorHandler::handleFatalError(16, 'Exception throw...', 'Unknown', 0)
#1 /Users/fdc-ramces-mt-web/Documents/trainings/blog/lib/Cake/Core/App.php(970): ErrorHandler::handleError(16, 'Exception throw...', 'Unknown', 0, Array)
#2 /Users/fdc-ramces-mt-web/Documents/trainings/blog/lib/Cake/Core/App.php(943): App::_checkFatalError()
#3 [internal function]: App::shutdown()
#4 {main}
2024-02-21 07:44:03 Error: [PDOException] SQLSTATE[HY000]: General error: 1364 Field 'user_id' doesn't have a default value
Request URL: /topics/add
Stack Trace:
#0 /Users/fdc-ramces-mt-web/Documents/trainings/blog/lib/Cake/Model/Datasource/DboSource.php(502): PDOStatement->execute(Array)
#1 /Users/fdc-ramces-mt-web/Documents/trainings/blog/lib/Cake/Model/Datasource/DboSource.php(468): DboSource->_execute('INSERT INTO `bl...', Array)
#2 /Users/fdc-ramces-mt-web/Documents/trainings/blog/lib/Cake/Model/Datasource/DboSource.php(1132): DboSource->execute('INSERT INTO `bl...')
#3 /Users/fdc-ramces-mt-web/Documents/trainings/blog/lib/Cake/Model/Model.php(1942): DboSource->create(Object(AppModel), Array, Array)
#4 /Users/fdc-ramces-mt-web/Documents/trainings/blog/lib/Cake/Model/Model.php(1760): Model->_doSave(Array, Array)
#5 /Users/fdc-ramces-mt-web/Documents/trainings/blog/app/Controller/TopicsController.php(6): Model->save(Array)
#6 [internal function]: TopicsController->add()
#7 /Users/fdc-ramces-mt-web/Documents/trainings/blog/lib/Cake/Controller/Controller.php(499): ReflectionMethod->invokeArgs(Object(TopicsController), Array)
#8 /Users/fdc-ramces-mt-web/Documents/trainings/blog/lib/Cake/Routing/Dispatcher.php(193): Controller->invokeAction(Object(CakeRequest))
#9 /Users/fdc-ramces-mt-web/Documents/trainings/blog/lib/Cake/Routing/Dispatcher.php(167): Dispatcher->_invoke(Object(TopicsController), Object(CakeRequest))
#10 /Users/fdc-ramces-mt-web/Documents/trainings/blog/app/webroot/index.php(117): Dispatcher->dispatch(Object(CakeRequest), Object(CakeResponse))
#11 {main}
2024-02-21 08:27:20 Error: [MissingViewException] View file "Topics/new_method.ctp" is missing.
Exception Attributes: array (
  'file' => 'Topics/new_method.ctp',
)
Request URL: /topics/newMethod
Stack Trace:
#0 /Users/fdc-ramces-mt-web/Documents/trainings/blog/lib/Cake/View/View.php(470): View->_getViewFileName('Topics/new_meth...')
#1 /Users/fdc-ramces-mt-web/Documents/trainings/blog/lib/Cake/Controller/Controller.php(968): View->render(NULL, NULL)
#2 /Users/fdc-ramces-mt-web/Documents/trainings/blog/lib/Cake/Routing/Dispatcher.php(200): Controller->render()
#3 /Users/fdc-ramces-mt-web/Documents/trainings/blog/lib/Cake/Routing/Dispatcher.php(167): Dispatcher->_invoke(Object(TopicsController), Object(CakeRequest))
#4 /Users/fdc-ramces-mt-web/Documents/trainings/blog/app/webroot/index.php(117): Dispatcher->dispatch(Object(CakeRequest), Object(CakeResponse))
#5 {main}
2024-02-21 08:28:14 Error: [MissingViewException] View file "Topics/new_method.ctp" is missing.
Exception Attributes: array (
  'file' => 'Topics/new_method.ctp',
)
Request URL: /topics/newMethod
Stack Trace:
#0 /Users/fdc-ramces-mt-web/Documents/trainings/blog/lib/Cake/View/View.php(470): View->_getViewFileName('Topics/new_meth...')
#1 /Users/fdc-ramces-mt-web/Documents/trainings/blog/lib/Cake/Controller/Controller.php(968): View->render(NULL, NULL)
#2 /Users/fdc-ramces-mt-web/Documents/trainings/blog/lib/Cake/Routing/Dispatcher.php(200): Controller->render()
#3 /Users/fdc-ramces-mt-web/Documents/trainings/blog/lib/Cake/Routing/Dispatcher.php(167): Dispatcher->_invoke(Object(TopicsController), Object(CakeRequest))
#4 /Users/fdc-ramces-mt-web/Documents/trainings/blog/app/webroot/index.php(117): Dispatcher->dispatch(Object(CakeRequest), Object(CakeResponse))
#5 {main}
2024-02-21 08:28:14 Error: [MissingViewException] View file "Topics/new_method.ctp" is missing.
Exception Attributes: array (
  'file' => 'Topics/new_method.ctp',
)
Request URL: /topics/newMethod
Stack Trace:
#0 /Users/fdc-ramces-mt-web/Documents/trainings/blog/lib/Cake/View/View.php(470): View->_getViewFileName('Topics/new_meth...')
#1 /Users/fdc-ramces-mt-web/Documents/trainings/blog/lib/Cake/Controller/Controller.php(968): View->render(NULL, NULL)
#2 /Users/fdc-ramces-mt-web/Documents/trainings/blog/lib/Cake/Routing/Dispatcher.php(200): Controller->render()
#3 /Users/fdc-ramces-mt-web/Documents/trainings/blog/lib/Cake/Routing/Dispatcher.php(167): Dispatcher->_invoke(Object(TopicsController), Object(CakeRequest))
#4 /Users/fdc-ramces-mt-web/Documents/trainings/blog/app/webroot/index.php(117): Dispatcher->dispatch(Object(CakeRequest), Object(CakeResponse))
#5 {main}
2024-02-21 08:28:42 Error: [MissingViewException] View file "Topics/new_method.ctp" is missing.
Exception Attributes: array (
  'file' => 'Topics/new_method.ctp',
)
Request URL: /topics/newMethod
Stack Trace:
#0 /Users/fdc-ramces-mt-web/Documents/trainings/blog/lib/Cake/View/View.php(470): View->_getViewFileName('Topics/new_meth...')
#1 /Users/fdc-ramces-mt-web/Documents/trainings/blog/lib/Cake/Controller/Controller.php(968): View->render(NULL, NULL)
#2 /Users/fdc-ramces-mt-web/Documents/trainings/blog/lib/Cake/Routing/Dispatcher.php(200): Controller->render()
#3 /Users/fdc-ramces-mt-web/Documents/trainings/blog/lib/Cake/Routing/Dispatcher.php(167): Dispatcher->_invoke(Object(TopicsController), Object(CakeRequest))
#4 /Users/fdc-ramces-mt-web/Documents/trainings/blog/app/webroot/index.php(117): Dispatcher->dispatch(Object(CakeRequest), Object(CakeResponse))
#5 {main}
2024-02-21 08:28:43 Error: [MissingViewException] View file "Topics/new_method.ctp" is missing.
Exception Attributes: array (
  'file' => 'Topics/new_method.ctp',
)
Request URL: /topics/newMethod
Stack Trace:
#0 /Users/fdc-ramces-mt-web/Documents/trainings/blog/lib/Cake/View/View.php(470): View->_getViewFileName('Topics/new_meth...')
#1 /Users/fdc-ramces-mt-web/Documents/trainings/blog/lib/Cake/Controller/Controller.php(968): View->render(NULL, NULL)
#2 /Users/fdc-ramces-mt-web/Documents/trainings/blog/lib/Cake/Routing/Dispatcher.php(200): Controller->render()
#3 /Users/fdc-ramces-mt-web/Documents/trainings/blog/lib/Cake/Routing/Dispatcher.php(167): Dispatcher->_invoke(Object(TopicsController), Object(CakeRequest))
#4 /Users/fdc-ramces-mt-web/Documents/trainings/blog/app/webroot/index.php(117): Dispatcher->dispatch(Object(CakeRequest), Object(CakeResponse))
#5 {main}
2024-02-21 08:28:44 Error: [MissingViewException] View file "Topics/new_method.ctp" is missing.
Exception Attributes: array (
  'file' => 'Topics/new_method.ctp',
)
Request URL: /topics/newMethod
Stack Trace:
#0 /Users/fdc-ramces-mt-web/Documents/trainings/blog/lib/Cake/View/View.php(470): View->_getViewFileName('Topics/new_meth...')
#1 /Users/fdc-ramces-mt-web/Documents/trainings/blog/lib/Cake/Controller/Controller.php(968): View->render(NULL, NULL)
#2 /Users/fdc-ramces-mt-web/Documents/trainings/blog/lib/Cake/Routing/Dispatcher.php(200): Controller->render()
#3 /Users/fdc-ramces-mt-web/Documents/trainings/blog/lib/Cake/Routing/Dispatcher.php(167): Dispatcher->_invoke(Object(TopicsController), Object(CakeRequest))
#4 /Users/fdc-ramces-mt-web/Documents/trainings/blog/app/webroot/index.php(117): Dispatcher->dispatch(Object(CakeRequest), Object(CakeResponse))
#5 {main}
2024-02-21 08:28:57 Error: [MissingViewException] View file "Topics/new_method.ctp" is missing.
Exception Attributes: array (
  'file' => 'Topics/new_method.ctp',
)
Request URL: /topics/newMethod
Stack Trace:
#0 /Users/fdc-ramces-mt-web/Documents/trainings/blog/lib/Cake/View/View.php(470): View->_getViewFileName('Topics/new_meth...')
#1 /Users/fdc-ramces-mt-web/Documents/trainings/blog/lib/Cake/Controller/Controller.php(968): View->render('newMethod', NULL)
#2 /Users/fdc-ramces-mt-web/Documents/trainings/blog/app/Controller/TopicsController.php(17): Controller->render('newMethod')
#3 [internal function]: TopicsController->newMethod()
#4 /Users/fdc-ramces-mt-web/Documents/trainings/blog/lib/Cake/Controller/Controller.php(499): ReflectionMethod->invokeArgs(Object(TopicsController), Array)
#5 /Users/fdc-ramces-mt-web/Documents/trainings/blog/lib/Cake/Routing/Dispatcher.php(193): Controller->invokeAction(Object(CakeRequest))
#6 /Users/fdc-ramces-mt-web/Documents/trainings/blog/lib/Cake/Routing/Dispatcher.php(167): Dispatcher->_invoke(Object(TopicsController), Object(CakeRequest))
#7 /Users/fdc-ramces-mt-web/Documents/trainings/blog/app/webroot/index.php(117): Dispatcher->dispatch(Object(CakeRequest), Object(CakeResponse))
#8 {main}
2024-02-21 08:28:58 Error: [MissingViewException] View file "Topics/new_method.ctp" is missing.
Exception Attributes: array (
  'file' => 'Topics/new_method.ctp',
)
Request URL: /topics/newMethod
Stack Trace:
#0 /Users/fdc-ramces-mt-web/Documents/trainings/blog/lib/Cake/View/View.php(470): View->_getViewFileName('Topics/new_meth...')
#1 /Users/fdc-ramces-mt-web/Documents/trainings/blog/lib/Cake/Controller/Controller.php(968): View->render('newMethod', NULL)
#2 /Users/fdc-ramces-mt-web/Documents/trainings/blog/app/Controller/TopicsController.php(17): Controller->render('newMethod')
#3 [internal function]: TopicsController->newMethod()
#4 /Users/fdc-ramces-mt-web/Documents/trainings/blog/lib/Cake/Controller/Controller.php(499): ReflectionMethod->invokeArgs(Object(TopicsController), Array)
#5 /Users/fdc-ramces-mt-web/Documents/trainings/blog/lib/Cake/Routing/Dispatcher.php(193): Controller->invokeAction(Object(CakeRequest))
#6 /Users/fdc-ramces-mt-web/Documents/trainings/blog/lib/Cake/Routing/Dispatcher.php(167): Dispatcher->_invoke(Object(TopicsController), Object(CakeRequest))
#7 /Users/fdc-ramces-mt-web/Documents/trainings/blog/app/webroot/index.php(117): Dispatcher->dispatch(Object(CakeRequest), Object(CakeResponse))
#8 {main}
2024-02-21 08:28:58 Error: [MissingViewException] View file "Topics/new_method.ctp" is missing.
Exception Attributes: array (
  'file' => 'Topics/new_method.ctp',
)
Request URL: /topics/newMethod
Stack Trace:
#0 /Users/fdc-ramces-mt-web/Documents/trainings/blog/lib/Cake/View/View.php(470): View->_getViewFileName('Topics/new_meth...')
#1 /Users/fdc-ramces-mt-web/Documents/trainings/blog/lib/Cake/Controller/Controller.php(968): View->render('newMethod', NULL)
#2 /Users/fdc-ramces-mt-web/Documents/trainings/blog/app/Controller/TopicsController.php(17): Controller->render('newMethod')
#3 [internal function]: TopicsController->newMethod()
#4 /Users/fdc-ramces-mt-web/Documents/trainings/blog/lib/Cake/Controller/Controller.php(499): ReflectionMethod->invokeArgs(Object(TopicsController), Array)
#5 /Users/fdc-ramces-mt-web/Documents/trainings/blog/lib/Cake/Routing/Dispatcher.php(193): Controller->invokeAction(Object(CakeRequest))
#6 /Users/fdc-ramces-mt-web/Documents/trainings/blog/lib/Cake/Routing/Dispatcher.php(167): Dispatcher->_invoke(Object(TopicsController), Object(CakeRequest))
#7 /Users/fdc-ramces-mt-web/Documents/trainings/blog/app/webroot/index.php(117): Dispatcher->dispatch(Object(CakeRequest), Object(CakeResponse))
#8 {main}
2024-02-21 08:28:58 Error: [MissingViewException] View file "Topics/new_method.ctp" is missing.
Exception Attributes: array (
  'file' => 'Topics/new_method.ctp',
)
Request URL: /topics/newMethod
Stack Trace:
#0 /Users/fdc-ramces-mt-web/Documents/trainings/blog/lib/Cake/View/View.php(470): View->_getViewFileName('Topics/new_meth...')
#1 /Users/fdc-ramces-mt-web/Documents/trainings/blog/lib/Cake/Controller/Controller.php(968): View->render('newMethod', NULL)
#2 /Users/fdc-ramces-mt-web/Documents/trainings/blog/app/Controller/TopicsController.php(17): Controller->render('newMethod')
#3 [internal function]: TopicsController->newMethod()
#4 /Users/fdc-ramces-mt-web/Documents/trainings/blog/lib/Cake/Controller/Controller.php(499): ReflectionMethod->invokeArgs(Object(TopicsController), Array)
#5 /Users/fdc-ramces-mt-web/Documents/trainings/blog/lib/Cake/Routing/Dispatcher.php(193): Controller->invokeAction(Object(CakeRequest))
#6 /Users/fdc-ramces-mt-web/Documents/trainings/blog/lib/Cake/Routing/Dispatcher.php(167): Dispatcher->_invoke(Object(TopicsController), Object(CakeRequest))
#7 /Users/fdc-ramces-mt-web/Documents/trainings/blog/app/webroot/index.php(117): Dispatcher->dispatch(Object(CakeRequest), Object(CakeResponse))
#8 {main}
2024-02-21 08:28:58 Error: [MissingViewException] View file "Topics/new_method.ctp" is missing.
Exception Attributes: array (
  'file' => 'Topics/new_method.ctp',
)
Request URL: /topics/newMethod
Stack Trace:
#0 /Users/fdc-ramces-mt-web/Documents/trainings/blog/lib/Cake/View/View.php(470): View->_getViewFileName('Topics/new_meth...')
#1 /Users/fdc-ramces-mt-web/Documents/trainings/blog/lib/Cake/Controller/Controller.php(968): View->render('newMethod', NULL)
#2 /Users/fdc-ramces-mt-web/Documents/trainings/blog/app/Controller/TopicsController.php(17): Controller->render('newMethod')
#3 [internal function]: TopicsController->newMethod()
#4 /Users/fdc-ramces-mt-web/Documents/trainings/blog/lib/Cake/Controller/Controller.php(499): ReflectionMethod->invokeArgs(Object(TopicsController), Array)
#5 /Users/fdc-ramces-mt-web/Documents/trainings/blog/lib/Cake/Routing/Dispatcher.php(193): Controller->invokeAction(Object(CakeRequest))
#6 /Users/fdc-ramces-mt-web/Documents/trainings/blog/lib/Cake/Routing/Dispatcher.php(167): Dispatcher->_invoke(Object(TopicsController), Object(CakeRequest))
#7 /Users/fdc-ramces-mt-web/Documents/trainings/blog/app/webroot/index.php(117): Dispatcher->dispatch(Object(CakeRequest), Object(CakeResponse))
#8 {main}
2024-02-21 08:28:59 Error: [MissingViewException] View file "Topics/new_method.ctp" is missing.
Exception Attributes: array (
  'file' => 'Topics/new_method.ctp',
)
Request URL: /topics/newMethod
Stack Trace:
#0 /Users/fdc-ramces-mt-web/Documents/trainings/blog/lib/Cake/View/View.php(470): View->_getViewFileName('Topics/new_meth...')
#1 /Users/fdc-ramces-mt-web/Documents/trainings/blog/lib/Cake/Controller/Controller.php(968): View->render('newMethod', NULL)
#2 /Users/fdc-ramces-mt-web/Documents/trainings/blog/app/Controller/TopicsController.php(17): Controller->render('newMethod')
#3 [internal function]: TopicsController->newMethod()
#4 /Users/fdc-ramces-mt-web/Documents/trainings/blog/lib/Cake/Controller/Controller.php(499): ReflectionMethod->invokeArgs(Object(TopicsController), Array)
#5 /Users/fdc-ramces-mt-web/Documents/trainings/blog/lib/Cake/Routing/Dispatcher.php(193): Controller->invokeAction(Object(CakeRequest))
#6 /Users/fdc-ramces-mt-web/Documents/trainings/blog/lib/Cake/Routing/Dispatcher.php(167): Dispatcher->_invoke(Object(TopicsController), Object(CakeRequest))
#7 /Users/fdc-ramces-mt-web/Documents/trainings/blog/app/webroot/index.php(117): Dispatcher->dispatch(Object(CakeRequest), Object(CakeResponse))
#8 {main}
2024-02-21 08:29:36 Error: [MissingActionException] Action TopicsController::new() could not be found.
Exception Attributes: array (
  'controller' => 'TopicsController',
  'action' => 'new',
)
Request URL: /topics/new
Stack Trace:
#0 /Users/fdc-ramces-mt-web/Documents/trainings/blog/lib/Cake/Routing/Dispatcher.php(193): Controller->invokeAction(Object(CakeRequest))
#1 /Users/fdc-ramces-mt-web/Documents/trainings/blog/lib/Cake/Routing/Dispatcher.php(167): Dispatcher->_invoke(Object(TopicsController), Object(CakeRequest))
#2 /Users/fdc-ramces-mt-web/Documents/trainings/blog/app/webroot/index.php(117): Dispatcher->dispatch(Object(CakeRequest), Object(CakeResponse))
#3 {main}
2024-02-21 08:29:49 Error: [MissingActionException] Action TopicsController::newthod() could not be found.
Exception Attributes: array (
  'controller' => 'TopicsController',
  'action' => 'newthod',
)
Request URL: /topics/newthod
Stack Trace:
#0 /Users/fdc-ramces-mt-web/Documents/trainings/blog/lib/Cake/Routing/Dispatcher.php(193): Controller->invokeAction(Object(CakeRequest))
#1 /Users/fdc-ramces-mt-web/Documents/trainings/blog/lib/Cake/Routing/Dispatcher.php(167): Dispatcher->_invoke(Object(TopicsController), Object(CakeRequest))
#2 /Users/fdc-ramces-mt-web/Documents/trainings/blog/app/webroot/index.php(117): Dispatcher->dispatch(Object(CakeRequest), Object(CakeResponse))
#3 {main}
2024-02-27 04:10:23 Error: [MissingControllerException] Controller class CssController could not be found.
Exception Attributes: array (
  'class' => 'CssController',
  'plugin' => NULL,
)
Request URL: /css/bootstrap.min.css.map
Stack Trace:
#0 /Users/fdc-ramces-mt-web/Documents/trainings/message_board/app/webroot/index.php(117): Dispatcher->dispatch(Object(CakeRequest), Object(CakeResponse))
#1 {main}
2024-02-27 04:10:41 Error: [MissingControllerException] Controller class CssController could not be found.
Exception Attributes: array (
  'class' => 'CssController',
  'plugin' => NULL,
)
Request URL: /css/bootstrap.min.css.map
Stack Trace:
#0 /Users/fdc-ramces-mt-web/Documents/trainings/message_board/app/webroot/index.php(117): Dispatcher->dispatch(Object(CakeRequest), Object(CakeResponse))
#1 {main}
2024-02-27 04:11:05 Error: [MissingControllerException] Controller class CssController could not be found.
Exception Attributes: array (
  'class' => 'CssController',
  'plugin' => NULL,
)
Request URL: /css/bootstrap.min.css.map
Stack Trace:
#0 /Users/fdc-ramces-mt-web/Documents/trainings/message_board/app/webroot/index.php(117): Dispatcher->dispatch(Object(CakeRequest), Object(CakeResponse))
#1 {main}
2024-02-27 04:11:05 Error: [MissingControllerException] Controller class CssController could not be found.
Exception Attributes: array (
  'class' => 'CssController',
  'plugin' => NULL,
)
Request URL: /css/bootstrap.min.css.map
Stack Trace:
#0 /Users/fdc-ramces-mt-web/Documents/trainings/message_board/app/webroot/index.php(117): Dispatcher->dispatch(Object(CakeRequest), Object(CakeResponse))
#1 {main}
2024-02-27 04:15:10 Error: [MissingControllerException] Controller class CssController could not be found.
Exception Attributes: array (
  'class' => 'CssController',
  'plugin' => NULL,
)
Request URL: /css/bootstrap.min.css.map
Stack Trace:
#0 /Users/fdc-ramces-mt-web/Documents/trainings/message_board/app/webroot/index.php(117): Dispatcher->dispatch(Object(CakeRequest), Object(CakeResponse))
#1 {main}
2024-02-27 04:36:19 Error: [PDOException] SQLSTATE[HY000]: General error: 1364 Field 'fullname' doesn't have a default value
Request URL: /users/welcome
Stack Trace:
#0 /Users/fdc-ramces-mt-web/Documents/trainings/message_board/lib/Cake/Model/Datasource/DboSource.php(502): PDOStatement->execute(Array)
#1 /Users/fdc-ramces-mt-web/Documents/trainings/message_board/lib/Cake/Model/Datasource/DboSource.php(468): DboSource->_execute('INSERT INTO `me...', Array)
#2 /Users/fdc-ramces-mt-web/Documents/trainings/message_board/lib/Cake/Model/Datasource/DboSource.php(1132): DboSource->execute('INSERT INTO `me...')
#3 /Users/fdc-ramces-mt-web/Documents/trainings/message_board/lib/Cake/Model/Model.php(1942): DboSource->create(Object(User), Array, Array)
#4 /Users/fdc-ramces-mt-web/Documents/trainings/message_board/lib/Cake/Model/Model.php(1760): Model->_doSave(Array, Array)
#5 /Users/fdc-ramces-mt-web/Documents/trainings/message_board/app/Controller/UsersController.php(93): Model->save(Array)
#6 [internal function]: UsersController->welcome()
#7 /Users/fdc-ramces-mt-web/Documents/trainings/message_board/lib/Cake/Controller/Controller.php(499): ReflectionMethod->invokeArgs(Object(UsersController), Array)
#8 /Users/fdc-ramces-mt-web/Documents/trainings/message_board/lib/Cake/Routing/Dispatcher.php(193): Controller->invokeAction(Object(CakeRequest))
#9 /Users/fdc-ramces-mt-web/Documents/trainings/message_board/lib/Cake/Routing/Dispatcher.php(167): Dispatcher->_invoke(Object(UsersController), Object(CakeRequest))
#10 /Users/fdc-ramces-mt-web/Documents/trainings/message_board/app/webroot/index.php(117): Dispatcher->dispatch(Object(CakeRequest), Object(CakeResponse))
#11 {main}
2024-02-27 04:49:17 Error: [PDOException] SQLSTATE[23000]: Integrity constraint violation: 1048 Column 'user_id' cannot be null
Request URL: /messages/new
Stack Trace:
#0 /Users/fdc-ramces-mt-web/Documents/trainings/message_board/lib/Cake/Model/Datasource/DboSource.php(502): PDOStatement->execute(Array)
#1 /Users/fdc-ramces-mt-web/Documents/trainings/message_board/lib/Cake/Model/Datasource/DboSource.php(468): DboSource->_execute('INSERT INTO `me...', Array)
#2 /Users/fdc-ramces-mt-web/Documents/trainings/message_board/lib/Cake/Model/Datasource/DboSource.php(1132): DboSource->execute('INSERT INTO `me...')
#3 /Users/fdc-ramces-mt-web/Documents/trainings/message_board/lib/Cake/Model/Model.php(1942): DboSource->create(Object(ConnectionMember), Array, Array)
#4 /Users/fdc-ramces-mt-web/Documents/trainings/message_board/lib/Cake/Model/Model.php(1754): Model->_doSave(Array, Array)
#5 /Users/fdc-ramces-mt-web/Documents/trainings/message_board/lib/Cake/Model/Model.php(2352): Model->save(Array, Array)
#6 /Users/fdc-ramces-mt-web/Documents/trainings/message_board/app/Controller/MessagesController.php(34): Model->saveMany(Array)
#7 [internal function]: MessagesController->new()
#8 /Users/fdc-ramces-mt-web/Documents/trainings/message_board/lib/Cake/Controller/Controller.php(499): ReflectionMethod->invokeArgs(Object(MessagesController), Array)
#9 /Users/fdc-ramces-mt-web/Documents/trainings/message_board/lib/Cake/Routing/Dispatcher.php(193): Controller->invokeAction(Object(CakeRequest))
#10 /Users/fdc-ramces-mt-web/Documents/trainings/message_board/lib/Cake/Routing/Dispatcher.php(167): Dispatcher->_invoke(Object(MessagesController), Object(CakeRequest))
#11 /Users/fdc-ramces-mt-web/Documents/trainings/message_board/app/webroot/index.php(117): Dispatcher->dispatch(Object(CakeRequest), Object(CakeResponse))
#12 {main}
2024-02-27 04:56:03 Error: [PDOException] SQLSTATE[42000]: Syntax error or access violation: 1064 You have an error in your SQL syntax; check the manual that corresponds to your MariaDB server version for the right syntax to use near 'GROUP BY connection_id' at line 1
Request URL: /messages/list
Stack Trace:
#0 /Users/fdc-ramces-mt-web/Documents/trainings/message_board/lib/Cake/Model/Datasource/DboSource.php(502): PDOStatement->execute(Array)
#1 /Users/fdc-ramces-mt-web/Documents/trainings/message_board/lib/Cake/Model/Datasource/DboSource.php(468): DboSource->_execute('SELECT connecti...', Array)
#2 /Users/fdc-ramces-mt-web/Documents/trainings/message_board/lib/Cake/Model/Datasource/DboSource.php(715): DboSource->execute('\n              ...', Array, Array)
#3 /Users/fdc-ramces-mt-web/Documents/trainings/message_board/lib/Cake/Model/Datasource/DboSource.php(641): DboSource->fetchAll('\n              ...', Array)
#4 /Users/fdc-ramces-mt-web/Documents/trainings/message_board/lib/Cake/Model/Model.php(3489): DboSource->query('\n              ...', false)
#5 /Users/fdc-ramces-mt-web/Documents/trainings/message_board/app/Controller/MessagesController.php(57): Model->query('\n              ...')
#6 [internal function]: MessagesController->list()
#7 /Users/fdc-ramces-mt-web/Documents/trainings/message_board/lib/Cake/Controller/Controller.php(499): ReflectionMethod->invokeArgs(Object(MessagesController), Array)
#8 /Users/fdc-ramces-mt-web/Documents/trainings/message_board/lib/Cake/Routing/Dispatcher.php(193): Controller->invokeAction(Object(CakeRequest))
#9 /Users/fdc-ramces-mt-web/Documents/trainings/message_board/lib/Cake/Routing/Dispatcher.php(167): Dispatcher->_invoke(Object(MessagesController), Object(CakeRequest))
#10 /Users/fdc-ramces-mt-web/Documents/trainings/message_board/app/webroot/index.php(117): Dispatcher->dispatch(Object(CakeRequest), Object(CakeResponse))
#11 {main}
2024-02-27 04:57:10 Error: [MissingControllerException] Controller class MessageController could not be found.
Exception Attributes: array (
  'class' => 'MessageController',
  'plugin' => NULL,
)
Request URL: /message/new
Stack Trace:
#0 /Users/fdc-ramces-mt-web/Documents/trainings/message_board/app/webroot/index.php(117): Dispatcher->dispatch(Object(CakeRequest), Object(CakeResponse))
#1 {main}
2024-02-27 05:00:10 Error: [MissingControllerException] Controller class CssController could not be found.
Exception Attributes: array (
  'class' => 'CssController',
  'plugin' => NULL,
)
Request URL: /css/bootstrap.min.css.map
Stack Trace:
#0 /Users/fdc-ramces-mt-web/Documents/trainings/message_board/app/webroot/index.php(117): Dispatcher->dispatch(Object(CakeRequest), Object(CakeResponse))
#1 {main}
2024-02-27 06:02:00 Error: [ParseError] syntax error, unexpected 'debug' (T_STRING)
Request URL: /messages/list
Stack Trace:
#0 [internal function]: App::load('MessagesControl...')
#1 [internal function]: spl_autoload_call('MessagesControl...')
#2 /Users/fdc-ramces-mt-web/Documents/trainings/message_board/lib/Cake/Routing/Dispatcher.php(266): class_exists('MessagesControl...')
#3 /Users/fdc-ramces-mt-web/Documents/trainings/message_board/lib/Cake/Routing/Dispatcher.php(235): Dispatcher->_loadController(Object(CakeRequest))
#4 /Users/fdc-ramces-mt-web/Documents/trainings/message_board/lib/Cake/Routing/Dispatcher.php(158): Dispatcher->_getController(Object(CakeRequest), Object(CakeResponse))
#5 /Users/fdc-ramces-mt-web/Documents/trainings/message_board/app/webroot/index.php(117): Dispatcher->dispatch(Object(CakeRequest), Object(CakeResponse))
#6 {main}
2024-02-27 06:02:06 Error: [Error] Call to undefined method MessagesController::ConnectionMember()
Request URL: /messages/list
Stack Trace:
#0 [internal function]: MessagesController->list()
#1 /Users/fdc-ramces-mt-web/Documents/trainings/message_board/lib/Cake/Controller/Controller.php(499): ReflectionMethod->invokeArgs(Object(MessagesController), Array)
#2 /Users/fdc-ramces-mt-web/Documents/trainings/message_board/lib/Cake/Routing/Dispatcher.php(193): Controller->invokeAction(Object(CakeRequest))
#3 /Users/fdc-ramces-mt-web/Documents/trainings/message_board/lib/Cake/Routing/Dispatcher.php(167): Dispatcher->_invoke(Object(MessagesController), Object(CakeRequest))
#4 /Users/fdc-ramces-mt-web/Documents/trainings/message_board/app/webroot/index.php(117): Dispatcher->dispatch(Object(CakeRequest), Object(CakeResponse))
#5 {main}
2024-02-27 06:02:07 Error: [Error] Call to undefined method MessagesController::ConnectionMember()
Request URL: /messages/list
Stack Trace:
#0 [internal function]: MessagesController->list()
#1 /Users/fdc-ramces-mt-web/Documents/trainings/message_board/lib/Cake/Controller/Controller.php(499): ReflectionMethod->invokeArgs(Object(MessagesController), Array)
#2 /Users/fdc-ramces-mt-web/Documents/trainings/message_board/lib/Cake/Routing/Dispatcher.php(193): Controller->invokeAction(Object(CakeRequest))
#3 /Users/fdc-ramces-mt-web/Documents/trainings/message_board/lib/Cake/Routing/Dispatcher.php(167): Dispatcher->_invoke(Object(MessagesController), Object(CakeRequest))
#4 /Users/fdc-ramces-mt-web/Documents/trainings/message_board/app/webroot/index.php(117): Dispatcher->dispatch(Object(CakeRequest), Object(CakeResponse))
#5 {main}
2024-02-27 06:07:22 Error: [PDOException] SQLSTATE[42000]: Syntax error or access violation: 1064 You have an error in your SQL syntax; check the manual that corresponds to your MariaDB server version for the right syntax to use near 'NULL' at line 1
Request URL: /messages/list
Stack Trace:
#0 /Users/fdc-ramces-mt-web/Documents/trainings/message_board/lib/Cake/Model/Datasource/DboSource.php(502): PDOStatement->execute(Array)
#1 /Users/fdc-ramces-mt-web/Documents/trainings/message_board/lib/Cake/Model/Datasource/DboSource.php(468): DboSource->_execute('SELECT `Message...', Array)
#2 /Users/fdc-ramces-mt-web/Documents/trainings/message_board/lib/Cake/Model/Datasource/DboSource.php(715): DboSource->execute('SELECT `Message...', Array, Array)
#3 /Users/fdc-ramces-mt-web/Documents/trainings/message_board/lib/Cake/Model/Datasource/DboSource.php(1226): DboSource->fetchAll('SELECT `Message...', Array)
#4 /Users/fdc-ramces-mt-web/Documents/trainings/message_board/lib/Cake/Model/Model.php(3053): DboSource->read(Object(Message), Array)
#5 /Users/fdc-ramces-mt-web/Documents/trainings/message_board/lib/Cake/Model/Model.php(3025): Model->_readDataSource('all', Array)
#6 /Users/fdc-ramces-mt-web/Documents/trainings/message_board/app/Controller/MessagesController.php(70): Model->find('all', Array)
#7 [internal function]: MessagesController->list()
#8 /Users/fdc-ramces-mt-web/Documents/trainings/message_board/lib/Cake/Controller/Controller.php(499): ReflectionMethod->invokeArgs(Object(MessagesController), Array)
#9 /Users/fdc-ramces-mt-web/Documents/trainings/message_board/lib/Cake/Routing/Dispatcher.php(193): Controller->invokeAction(Object(CakeRequest))
#10 /Users/fdc-ramces-mt-web/Documents/trainings/message_board/lib/Cake/Routing/Dispatcher.php(167): Dispatcher->_invoke(Object(MessagesController), Object(CakeRequest))
#11 /Users/fdc-ramces-mt-web/Documents/trainings/message_board/app/webroot/index.php(117): Dispatcher->dispatch(Object(CakeRequest), Object(CakeResponse))
#12 {main}
2024-02-27 06:07:29 Error: [Error] Call to undefined function debud()
Request URL: /messages/list
Stack Trace:
#0 [internal function]: MessagesController->list()
#1 /Users/fdc-ramces-mt-web/Documents/trainings/message_board/lib/Cake/Controller/Controller.php(499): ReflectionMethod->invokeArgs(Object(MessagesController), Array)
#2 /Users/fdc-ramces-mt-web/Documents/trainings/message_board/lib/Cake/Routing/Dispatcher.php(193): Controller->invokeAction(Object(CakeRequest))
#3 /Users/fdc-ramces-mt-web/Documents/trainings/message_board/lib/Cake/Routing/Dispatcher.php(167): Dispatcher->_invoke(Object(MessagesController), Object(CakeRequest))
#4 /Users/fdc-ramces-mt-web/Documents/trainings/message_board/app/webroot/index.php(117): Dispatcher->dispatch(Object(CakeRequest), Object(CakeResponse))
#5 {main}
2024-02-27 06:27:54 Error: [PDOException] SQLSTATE[42S02]: Base table or view not found: 1146 Table 'message_board.connection_member' doesn't exist
Request URL: /messages/list
Stack Trace:
#0 /Users/fdc-ramces-mt-web/Documents/trainings/message_board/lib/Cake/Model/Datasource/DboSource.php(502): PDOStatement->execute(Array)
#1 /Users/fdc-ramces-mt-web/Documents/trainings/message_board/lib/Cake/Model/Datasource/DboSource.php(468): DboSource->_execute('SELECT * FROM c...', Array)
#2 /Users/fdc-ramces-mt-web/Documents/trainings/message_board/lib/Cake/Model/Datasource/DboSource.php(715): DboSource->execute('SELECT * FROM c...', Array, Array)
#3 /Users/fdc-ramces-mt-web/Documents/trainings/message_board/lib/Cake/Model/Datasource/DboSource.php(641): DboSource->fetchAll('SELECT * FROM c...', Array)
#4 /Users/fdc-ramces-mt-web/Documents/trainings/message_board/lib/Cake/Model/Model.php(3489): DboSource->query('SELECT * FROM c...', false)
#5 /Users/fdc-ramces-mt-web/Documents/trainings/message_board/app/Controller/MessagesController.php(63): Model->query('SELECT * FROM c...')
#6 [internal function]: MessagesController->list()
#7 /Users/fdc-ramces-mt-web/Documents/trainings/message_board/lib/Cake/Controller/Controller.php(499): ReflectionMethod->invokeArgs(Object(MessagesController), Array)
#8 /Users/fdc-ramces-mt-web/Documents/trainings/message_board/lib/Cake/Routing/Dispatcher.php(193): Controller->invokeAction(Object(CakeRequest))
#9 /Users/fdc-ramces-mt-web/Documents/trainings/message_board/lib/Cake/Routing/Dispatcher.php(167): Dispatcher->_invoke(Object(MessagesController), Object(CakeRequest))
#10 /Users/fdc-ramces-mt-web/Documents/trainings/message_board/app/webroot/index.php(117): Dispatcher->dispatch(Object(CakeRequest), Object(CakeResponse))
#11 {main}
2024-02-27 06:36:57 Error: [PDOException] SQLSTATE[42000]: Syntax error or access violation: 1064 You have an error in your SQL syntax; check the manual that corresponds to your MariaDB server version for the right syntax to use near 'Array AND user_id != '1'' at line 1
Request URL: /messages/list
Stack Trace:
#0 /Users/fdc-ramces-mt-web/Documents/trainings/message_board/lib/Cake/Model/Datasource/DboSource.php(502): PDOStatement->execute(Array)
#1 /Users/fdc-ramces-mt-web/Documents/trainings/message_board/lib/Cake/Model/Datasource/DboSource.php(468): DboSource->_execute('SELECT * FROM c...', Array)
#2 /Users/fdc-ramces-mt-web/Documents/trainings/message_board/lib/Cake/Model/Datasource/DboSource.php(715): DboSource->execute('SELECT * FROM c...', Array, Array)
#3 /Users/fdc-ramces-mt-web/Documents/trainings/message_board/lib/Cake/Model/Datasource/DboSource.php(641): DboSource->fetchAll('SELECT * FROM c...', Array)
#4 /Users/fdc-ramces-mt-web/Documents/trainings/message_board/lib/Cake/Model/Model.php(3489): DboSource->query('SELECT * FROM c...', false)
#5 /Users/fdc-ramces-mt-web/Documents/trainings/message_board/app/Controller/MessagesController.php(70): Model->query('SELECT * FROM c...')
#6 [internal function]: MessagesController->list()
#7 /Users/fdc-ramces-mt-web/Documents/trainings/message_board/lib/Cake/Controller/Controller.php(499): ReflectionMethod->invokeArgs(Object(MessagesController), Array)
#8 /Users/fdc-ramces-mt-web/Documents/trainings/message_board/lib/Cake/Routing/Dispatcher.php(193): Controller->invokeAction(Object(CakeRequest))
#9 /Users/fdc-ramces-mt-web/Documents/trainings/message_board/lib/Cake/Routing/Dispatcher.php(167): Dispatcher->_invoke(Object(MessagesController), Object(CakeRequest))
#10 /Users/fdc-ramces-mt-web/Documents/trainings/message_board/app/webroot/index.php(117): Dispatcher->dispatch(Object(CakeRequest), Object(CakeResponse))
#11 {main}
2024-02-27 06:37:13 Error: [PDOException] SQLSTATE[42S22]: Column not found: 1054 Unknown column 'Array' in 'where clause'
Request URL: /messages/list
Stack Trace:
#0 /Users/fdc-ramces-mt-web/Documents/trainings/message_board/lib/Cake/Model/Datasource/DboSource.php(502): PDOStatement->execute(Array)
#1 /Users/fdc-ramces-mt-web/Documents/trainings/message_board/lib/Cake/Model/Datasource/DboSource.php(468): DboSource->_execute('SELECT * FROM c...', Array)
#2 /Users/fdc-ramces-mt-web/Documents/trainings/message_board/lib/Cake/Model/Datasource/DboSource.php(715): DboSource->execute('SELECT * FROM c...', Array, Array)
#3 /Users/fdc-ramces-mt-web/Documents/trainings/message_board/lib/Cake/Model/Datasource/DboSource.php(641): DboSource->fetchAll('SELECT * FROM c...', Array)
#4 /Users/fdc-ramces-mt-web/Documents/trainings/message_board/lib/Cake/Model/Model.php(3489): DboSource->query('SELECT * FROM c...', false)
#5 /Users/fdc-ramces-mt-web/Documents/trainings/message_board/app/Controller/MessagesController.php(70): Model->query('SELECT * FROM c...')
#6 [internal function]: MessagesController->list()
#7 /Users/fdc-ramces-mt-web/Documents/trainings/message_board/lib/Cake/Controller/Controller.php(499): ReflectionMethod->invokeArgs(Object(MessagesController), Array)
#8 /Users/fdc-ramces-mt-web/Documents/trainings/message_board/lib/Cake/Routing/Dispatcher.php(193): Controller->invokeAction(Object(CakeRequest))
#9 /Users/fdc-ramces-mt-web/Documents/trainings/message_board/lib/Cake/Routing/Dispatcher.php(167): Dispatcher->_invoke(Object(MessagesController), Object(CakeRequest))
#10 /Users/fdc-ramces-mt-web/Documents/trainings/message_board/app/webroot/index.php(117): Dispatcher->dispatch(Object(CakeRequest), Object(CakeResponse))
#11 {main}
2024-02-27 06:41:02 Error: [PDOException] SQLSTATE[42S22]: Column not found: 1054 Unknown column 'Array' in 'where clause'
Request URL: /messages/list
Stack Trace:
#0 /Users/fdc-ramces-mt-web/Documents/trainings/message_board/lib/Cake/Model/Datasource/DboSource.php(502): PDOStatement->execute(Array)
#1 /Users/fdc-ramces-mt-web/Documents/trainings/message_board/lib/Cake/Model/Datasource/DboSource.php(468): DboSource->_execute('SELECT *, COUNT...', Array)
#2 /Users/fdc-ramces-mt-web/Documents/trainings/message_board/lib/Cake/Model/Datasource/DboSource.php(715): DboSource->execute('SELECT *, COUNT...', Array, Array)
#3 /Users/fdc-ramces-mt-web/Documents/trainings/message_board/lib/Cake/Model/Datasource/DboSource.php(1226): DboSource->fetchAll('SELECT *, COUNT...', Array)
#4 /Users/fdc-ramces-mt-web/Documents/trainings/message_board/lib/Cake/Model/Model.php(3053): DboSource->read(Object(Message), Array)
#5 /Users/fdc-ramces-mt-web/Documents/trainings/message_board/lib/Cake/Model/Model.php(3025): Model->_readDataSource('all', Array)
#6 /Users/fdc-ramces-mt-web/Documents/trainings/message_board/app/Controller/MessagesController.php(76): Model->find('all', Array)
#7 [internal function]: MessagesController->list()
#8 /Users/fdc-ramces-mt-web/Documents/trainings/message_board/lib/Cake/Controller/Controller.php(499): ReflectionMethod->invokeArgs(Object(MessagesController), Array)
#9 /Users/fdc-ramces-mt-web/Documents/trainings/message_board/lib/Cake/Routing/Dispatcher.php(193): Controller->invokeAction(Object(CakeRequest))
#10 /Users/fdc-ramces-mt-web/Documents/trainings/message_board/lib/Cake/Routing/Dispatcher.php(167): Dispatcher->_invoke(Object(MessagesController), Object(CakeRequest))
#11 /Users/fdc-ramces-mt-web/Documents/trainings/message_board/app/webroot/index.php(117): Dispatcher->dispatch(Object(CakeRequest), Object(CakeResponse))
#12 {main}
2024-02-27 07:32:44 Error: [Error] Call to undefined function debig()
Request URL: /messages/list
Stack Trace:
#0 [internal function]: MessagesController->list()
#1 /Users/fdc-ramces-mt-web/Documents/trainings/message_board/lib/Cake/Controller/Controller.php(499): ReflectionMethod->invokeArgs(Object(MessagesController), Array)
#2 /Users/fdc-ramces-mt-web/Documents/trainings/message_board/lib/Cake/Routing/Dispatcher.php(193): Controller->invokeAction(Object(CakeRequest))
#3 /Users/fdc-ramces-mt-web/Documents/trainings/message_board/lib/Cake/Routing/Dispatcher.php(167): Dispatcher->_invoke(Object(MessagesController), Object(CakeRequest))
#4 /Users/fdc-ramces-mt-web/Documents/trainings/message_board/app/webroot/index.php(117): Dispatcher->dispatch(Object(CakeRequest), Object(CakeResponse))
#5 {main}
2024-02-27 08:13:59 Error: [MissingControllerException] Controller class CssController could not be found.
Exception Attributes: array (
  'class' => 'CssController',
  'plugin' => NULL,
)
Request URL: /css/bootstrap.min.css.map
Stack Trace:
#0 /Users/fdc-ramces-mt-web/Documents/trainings/message_board/app/webroot/index.php(117): Dispatcher->dispatch(Object(CakeRequest), Object(CakeResponse))
#1 {main}
2024-02-27 08:14:16 Error: [MissingControllerException] Controller class CssController could not be found.
Exception Attributes: array (
  'class' => 'CssController',
  'plugin' => NULL,
)
Request URL: /css/bootstrap.min.css.map
Stack Trace:
#0 /Users/fdc-ramces-mt-web/Documents/trainings/message_board/app/webroot/index.php(117): Dispatcher->dispatch(Object(CakeRequest), Object(CakeResponse))
#1 {main}
2024-02-27 08:14:26 Error: [MissingControllerException] Controller class CssController could not be found.
Exception Attributes: array (
  'class' => 'CssController',
  'plugin' => NULL,
)
Request URL: /css/bootstrap.min.css.map
Stack Trace:
#0 /Users/fdc-ramces-mt-web/Documents/trainings/message_board/app/webroot/index.php(117): Dispatcher->dispatch(Object(CakeRequest), Object(CakeResponse))
#1 {main}
2024-02-27 08:14:53 Error: [MissingControllerException] Controller class CssController could not be found.
Exception Attributes: array (
  'class' => 'CssController',
  'plugin' => NULL,
)
Request URL: /css/bootstrap.min.css.map
Stack Trace:
#0 /Users/fdc-ramces-mt-web/Documents/trainings/message_board/app/webroot/index.php(117): Dispatcher->dispatch(Object(CakeRequest), Object(CakeResponse))
#1 {main}
2024-02-27 08:15:15 Error: [MissingControllerException] Controller class CssController could not be found.
Exception Attributes: array (
  'class' => 'CssController',
  'plugin' => NULL,
)
Request URL: /css/bootstrap.min.css.map
Stack Trace:
#0 /Users/fdc-ramces-mt-web/Documents/trainings/message_board/app/webroot/index.php(117): Dispatcher->dispatch(Object(CakeRequest), Object(CakeResponse))
#1 {main}
2024-02-27 08:15:38 Error: [MissingControllerException] Controller class CssController could not be found.
Exception Attributes: array (
  'class' => 'CssController',
  'plugin' => NULL,
)
Request URL: /css/bootstrap.min.css.map
Stack Trace:
#0 /Users/fdc-ramces-mt-web/Documents/trainings/message_board/app/webroot/index.php(117): Dispatcher->dispatch(Object(CakeRequest), Object(CakeResponse))
#1 {main}
2024-02-27 08:15:54 Error: [MissingControllerException] Controller class CssController could not be found.
Exception Attributes: array (
  'class' => 'CssController',
  'plugin' => NULL,
)
Request URL: /css/bootstrap.min.css.map
Stack Trace:
#0 /Users/fdc-ramces-mt-web/Documents/trainings/message_board/app/webroot/index.php(117): Dispatcher->dispatch(Object(CakeRequest), Object(CakeResponse))
#1 {main}
2024-02-27 08:17:14 Error: [MissingControllerException] Controller class CssController could not be found.
Exception Attributes: array (
  'class' => 'CssController',
  'plugin' => NULL,
)
Request URL: /css/bootstrap.min.css.map
Stack Trace:
#0 /Users/fdc-ramces-mt-web/Documents/trainings/message_board/app/webroot/index.php(117): Dispatcher->dispatch(Object(CakeRequest), Object(CakeResponse))
#1 {main}
2024-02-27 08:17:53 Error: [MissingActionException] Action MessagesController::index() could not be found.
Exception Attributes: array (
  'controller' => 'MessagesController',
  'action' => 'index',
)
Request URL: /messages/
Stack Trace:
#0 /Users/fdc-ramces-mt-web/Documents/trainings/message_board/lib/Cake/Routing/Dispatcher.php(193): Controller->invokeAction(Object(CakeRequest))
#1 /Users/fdc-ramces-mt-web/Documents/trainings/message_board/lib/Cake/Routing/Dispatcher.php(167): Dispatcher->_invoke(Object(MessagesController), Object(CakeRequest))
#2 /Users/fdc-ramces-mt-web/Documents/trainings/message_board/app/webroot/index.php(117): Dispatcher->dispatch(Object(CakeRequest), Object(CakeResponse))
#3 {main}
2024-02-27 08:19:44 Error: [PDOException] SQLSTATE[42000]: Syntax error or access violation: 1064 You have an error in your SQL syntax; check the manual that corresponds to your MariaDB server version for the right syntax to use near ')' at line 1
Request URL: /messages/list
Stack Trace:
#0 /Users/fdc-ramces-mt-web/Documents/trainings/message_board/lib/Cake/Model/Datasource/DboSource.php(502): PDOStatement->execute(Array)
#1 /Users/fdc-ramces-mt-web/Documents/trainings/message_board/lib/Cake/Model/Datasource/DboSource.php(468): DboSource->_execute('SELECT * FROM c...', Array)
#2 /Users/fdc-ramces-mt-web/Documents/trainings/message_board/lib/Cake/Model/Datasource/DboSource.php(715): DboSource->execute('SELECT * FROM c...', Array, Array)
#3 /Users/fdc-ramces-mt-web/Documents/trainings/message_board/lib/Cake/Model/Datasource/DboSource.php(641): DboSource->fetchAll('SELECT * FROM c...', Array)
#4 /Users/fdc-ramces-mt-web/Documents/trainings/message_board/lib/Cake/Model/Model.php(3489): DboSource->query('SELECT * FROM c...', false)
#5 /Users/fdc-ramces-mt-web/Documents/trainings/message_board/app/Controller/MessagesController.php(73): Model->query('SELECT * FROM c...')
#6 [internal function]: MessagesController->list()
#7 /Users/fdc-ramces-mt-web/Documents/trainings/message_board/lib/Cake/Controller/Controller.php(499): ReflectionMethod->invokeArgs(Object(MessagesController), Array)
#8 /Users/fdc-ramces-mt-web/Documents/trainings/message_board/lib/Cake/Routing/Dispatcher.php(193): Controller->invokeAction(Object(CakeRequest))
#9 /Users/fdc-ramces-mt-web/Documents/trainings/message_board/lib/Cake/Routing/Dispatcher.php(167): Dispatcher->_invoke(Object(MessagesController), Object(CakeRequest))
#10 /Users/fdc-ramces-mt-web/Documents/trainings/message_board/app/webroot/index.php(117): Dispatcher->dispatch(Object(CakeRequest), Object(CakeResponse))
#11 {main}
2024-02-27 08:21:03 Error: [MissingViewException] View file "Messages/view.ctp" is missing.
Exception Attributes: array (
  'file' => 'Messages/view.ctp',
)
Request URL: /messages/view/asdf
Stack Trace:
#0 /Users/fdc-ramces-mt-web/Documents/trainings/message_board/lib/Cake/View/View.php(470): View->_getViewFileName('Messages/view')
#1 /Users/fdc-ramces-mt-web/Documents/trainings/message_board/lib/Cake/Controller/Controller.php(968): View->render(NULL, NULL)
#2 /Users/fdc-ramces-mt-web/Documents/trainings/message_board/lib/Cake/Routing/Dispatcher.php(200): Controller->render()
#3 /Users/fdc-ramces-mt-web/Documents/trainings/message_board/lib/Cake/Routing/Dispatcher.php(167): Dispatcher->_invoke(Object(MessagesController), Object(CakeRequest))
#4 /Users/fdc-ramces-mt-web/Documents/trainings/message_board/app/webroot/index.php(117): Dispatcher->dispatch(Object(CakeRequest), Object(CakeResponse))
#5 {main}
2024-02-27 08:23:31 Error: [MissingViewException] View file "Messages/message.ctp" is missing.
Exception Attributes: array (
  'file' => 'Messages/message.ctp',
)
Request URL: /message/sdf
Stack Trace:
#0 /Users/fdc-ramces-mt-web/Documents/trainings/message_board/lib/Cake/View/View.php(470): View->_getViewFileName('Messages/messag...')
#1 /Users/fdc-ramces-mt-web/Documents/trainings/message_board/lib/Cake/Controller/Controller.php(968): View->render(NULL, NULL)
#2 /Users/fdc-ramces-mt-web/Documents/trainings/message_board/lib/Cake/Routing/Dispatcher.php(200): Controller->render()
#3 /Users/fdc-ramces-mt-web/Documents/trainings/message_board/lib/Cake/Routing/Dispatcher.php(167): Dispatcher->_invoke(Object(MessagesController), Object(CakeRequest))
#4 /Users/fdc-ramces-mt-web/Documents/trainings/message_board/app/webroot/index.php(117): Dispatcher->dispatch(Object(CakeRequest), Object(CakeResponse))
#5 {main}
2024-02-27 08:29:12 Error: [ArgumentCountError] Too few arguments to function MessagesController::message(), 0 passed and exactly 1 expected
Request URL: /message/id:4
Stack Trace:
#0 [internal function]: MessagesController->message()
#1 /Users/fdc-ramces-mt-web/Documents/trainings/message_board/lib/Cake/Controller/Controller.php(499): ReflectionMethod->invokeArgs(Object(MessagesController), Array)
#2 /Users/fdc-ramces-mt-web/Documents/trainings/message_board/lib/Cake/Routing/Dispatcher.php(193): Controller->invokeAction(Object(CakeRequest))
#3 /Users/fdc-ramces-mt-web/Documents/trainings/message_board/lib/Cake/Routing/Dispatcher.php(167): Dispatcher->_invoke(Object(MessagesController), Object(CakeRequest))
#4 /Users/fdc-ramces-mt-web/Documents/trainings/message_board/app/webroot/index.php(117): Dispatcher->dispatch(Object(CakeRequest), Object(CakeResponse))
#5 {main}
2024-02-27 08:39:03 Error: [ParseError] syntax error, unexpected 'debug' (T_STRING)
Request URL: /message/id:4
Stack Trace:
#0 [internal function]: App::load('MessagesControl...')
#1 [internal function]: spl_autoload_call('MessagesControl...')
#2 /Users/fdc-ramces-mt-web/Documents/trainings/message_board/lib/Cake/Routing/Dispatcher.php(266): class_exists('MessagesControl...')
#3 /Users/fdc-ramces-mt-web/Documents/trainings/message_board/lib/Cake/Routing/Dispatcher.php(235): Dispatcher->_loadController(Object(CakeRequest))
#4 /Users/fdc-ramces-mt-web/Documents/trainings/message_board/lib/Cake/Routing/Dispatcher.php(158): Dispatcher->_getController(Object(CakeRequest), Object(CakeResponse))
#5 /Users/fdc-ramces-mt-web/Documents/trainings/message_board/app/webroot/index.php(117): Dispatcher->dispatch(Object(CakeRequest), Object(CakeResponse))
#6 {main}
2024-02-27 08:39:08 Error: [ParseError] syntax error, unexpected 'debug' (T_STRING)
Request URL: /message/id:4
Stack Trace:
#0 [internal function]: App::load('MessagesControl...')
#1 [internal function]: spl_autoload_call('MessagesControl...')
#2 /Users/fdc-ramces-mt-web/Documents/trainings/message_board/lib/Cake/Routing/Dispatcher.php(266): class_exists('MessagesControl...')
#3 /Users/fdc-ramces-mt-web/Documents/trainings/message_board/lib/Cake/Routing/Dispatcher.php(235): Dispatcher->_loadController(Object(CakeRequest))
#4 /Users/fdc-ramces-mt-web/Documents/trainings/message_board/lib/Cake/Routing/Dispatcher.php(158): Dispatcher->_getController(Object(CakeRequest), Object(CakeResponse))
#5 /Users/fdc-ramces-mt-web/Documents/trainings/message_board/app/webroot/index.php(117): Dispatcher->dispatch(Object(CakeRequest), Object(CakeResponse))
#6 {main}
2024-02-27 08:42:02 Error: [MissingControllerException] Controller class CssController could not be found.
Exception Attributes: array (
  'class' => 'CssController',
  'plugin' => NULL,
)
Request URL: /css/bootstrap.min.css.map
Stack Trace:
#0 /Users/fdc-ramces-mt-web/Documents/trainings/message_board/app/webroot/index.php(117): Dispatcher->dispatch(Object(CakeRequest), Object(CakeResponse))
#1 {main}
2024-02-27 08:42:25 Error: [MissingControllerException] Controller class CssController could not be found.
Exception Attributes: array (
  'class' => 'CssController',
  'plugin' => NULL,
)
Request URL: /css/bootstrap.min.css.map
Stack Trace:
#0 /Users/fdc-ramces-mt-web/Documents/trainings/message_board/app/webroot/index.php(117): Dispatcher->dispatch(Object(CakeRequest), Object(CakeResponse))
#1 {main}
2024-02-27 08:53:12 Error: [MissingControllerException] Controller class CssController could not be found.
Exception Attributes: array (
  'class' => 'CssController',
  'plugin' => NULL,
)
Request URL: /css/bootstrap.min.css.map
Stack Trace:
#0 /Users/fdc-ramces-mt-web/Documents/trainings/message_board/app/webroot/index.php(117): Dispatcher->dispatch(Object(CakeRequest), Object(CakeResponse))
#1 {main}
2024-02-27 08:54:05 Error: [MissingControllerException] Controller class CssController could not be found.
Exception Attributes: array (
  'class' => 'CssController',
  'plugin' => NULL,
)
Request URL: /css/bootstrap.min.css.map
Stack Trace:
#0 /Users/fdc-ramces-mt-web/Documents/trainings/message_board/app/webroot/index.php(117): Dispatcher->dispatch(Object(CakeRequest), Object(CakeResponse))
#1 {main}
2024-02-27 08:54:05 Error: [MissingControllerException] Controller class CssController could not be found.
Exception Attributes: array (
  'class' => 'CssController',
  'plugin' => NULL,
)
Request URL: /css/bootstrap.min.css.map
Stack Trace:
#0 /Users/fdc-ramces-mt-web/Documents/trainings/message_board/app/webroot/index.php(117): Dispatcher->dispatch(Object(CakeRequest), Object(CakeResponse))
#1 {main}
2024-02-27 08:54:06 Error: [MissingControllerException] Controller class CssController could not be found.
Exception Attributes: array (
  'class' => 'CssController',
  'plugin' => NULL,
)
Request URL: /css/bootstrap.min.css.map
Stack Trace:
#0 /Users/fdc-ramces-mt-web/Documents/trainings/message_board/app/webroot/index.php(117): Dispatcher->dispatch(Object(CakeRequest), Object(CakeResponse))
#1 {main}
2024-02-27 08:54:07 Error: [MissingControllerException] Controller class CssController could not be found.
Exception Attributes: array (
  'class' => 'CssController',
  'plugin' => NULL,
)
Request URL: /css/bootstrap.min.css.map
Stack Trace:
#0 /Users/fdc-ramces-mt-web/Documents/trainings/message_board/app/webroot/index.php(117): Dispatcher->dispatch(Object(CakeRequest), Object(CakeResponse))
#1 {main}
2024-02-27 08:54:17 Error: [MissingControllerException] Controller class CssController could not be found.
Exception Attributes: array (
  'class' => 'CssController',
  'plugin' => NULL,
)
Request URL: /css/bootstrap.min.css.map
Stack Trace:
#0 /Users/fdc-ramces-mt-web/Documents/trainings/message_board/app/webroot/index.php(117): Dispatcher->dispatch(Object(CakeRequest), Object(CakeResponse))
#1 {main}
2024-02-27 08:54:17 Error: [MissingControllerException] Controller class CssController could not be found.
Exception Attributes: array (
  'class' => 'CssController',
  'plugin' => NULL,
)
Request URL: /css/bootstrap.min.css.map
Stack Trace:
#0 /Users/fdc-ramces-mt-web/Documents/trainings/message_board/app/webroot/index.php(117): Dispatcher->dispatch(Object(CakeRequest), Object(CakeResponse))
#1 {main}
2024-02-27 08:54:45 Error: [MissingControllerException] Controller class CssController could not be found.
Exception Attributes: array (
  'class' => 'CssController',
  'plugin' => NULL,
)
Request URL: /css/bootstrap.min.css.map
Stack Trace:
#0 /Users/fdc-ramces-mt-web/Documents/trainings/message_board/app/webroot/index.php(117): Dispatcher->dispatch(Object(CakeRequest), Object(CakeResponse))
#1 {main}
2024-02-27 08:55:23 Error: [MissingControllerException] Controller class CssController could not be found.
Exception Attributes: array (
  'class' => 'CssController',
  'plugin' => NULL,
)
Request URL: /css/bootstrap.min.css.map
Stack Trace:
#0 /Users/fdc-ramces-mt-web/Documents/trainings/message_board/app/webroot/index.php(117): Dispatcher->dispatch(Object(CakeRequest), Object(CakeResponse))
#1 {main}
2024-02-27 08:55:34 Error: [MissingControllerException] Controller class CssController could not be found.
Exception Attributes: array (
  'class' => 'CssController',
  'plugin' => NULL,
)
Request URL: /css/bootstrap.min.css.map
Stack Trace:
#0 /Users/fdc-ramces-mt-web/Documents/trainings/message_board/app/webroot/index.php(117): Dispatcher->dispatch(Object(CakeRequest), Object(CakeResponse))
#1 {main}
2024-02-27 08:58:11 Error: [MissingControllerException] Controller class CssController could not be found.
Exception Attributes: array (
  'class' => 'CssController',
  'plugin' => NULL,
)
Request URL: /css/bootstrap.min.css.map
Stack Trace:
#0 /Users/fdc-ramces-mt-web/Documents/trainings/message_board/app/webroot/index.php(117): Dispatcher->dispatch(Object(CakeRequest), Object(CakeResponse))
#1 {main}
2024-02-27 08:58:41 Error: [MissingControllerException] Controller class CssController could not be found.
Exception Attributes: array (
  'class' => 'CssController',
  'plugin' => NULL,
)
Request URL: /css/bootstrap.min.css.map
Stack Trace:
#0 /Users/fdc-ramces-mt-web/Documents/trainings/message_board/app/webroot/index.php(117): Dispatcher->dispatch(Object(CakeRequest), Object(CakeResponse))
#1 {main}
2024-02-27 08:58:56 Error: [MissingControllerException] Controller class CssController could not be found.
Exception Attributes: array (
  'class' => 'CssController',
  'plugin' => NULL,
)
Request URL: /css/bootstrap.min.css.map
Stack Trace:
#0 /Users/fdc-ramces-mt-web/Documents/trainings/message_board/app/webroot/index.php(117): Dispatcher->dispatch(Object(CakeRequest), Object(CakeResponse))
#1 {main}
2024-02-27 09:01:43 Error: [Error] Call to undefined function user()
Request URL: /message/id:2
Stack Trace:
#0 [internal function]: MessagesController->message()
#1 /Users/fdc-ramces-mt-web/Documents/trainings/message_board/lib/Cake/Controller/Controller.php(499): ReflectionMethod->invokeArgs(Object(MessagesController), Array)
#2 /Users/fdc-ramces-mt-web/Documents/trainings/message_board/lib/Cake/Routing/Dispatcher.php(193): Controller->invokeAction(Object(CakeRequest))
#3 /Users/fdc-ramces-mt-web/Documents/trainings/message_board/lib/Cake/Routing/Dispatcher.php(167): Dispatcher->_invoke(Object(MessagesController), Object(CakeRequest))
#4 /Users/fdc-ramces-mt-web/Documents/trainings/message_board/app/webroot/index.php(117): Dispatcher->dispatch(Object(CakeRequest), Object(CakeResponse))
#5 {main}
2024-02-27 09:08:43 Error: [ParseError] syntax error, unexpected '{'
Request URL: /message/id:2
Stack Trace:
#0 /Users/fdc-ramces-mt-web/Documents/trainings/message_board/lib/Cake/View/View.php(933): View->_evaluate('/Users/fdc-ramc...', Array)
#1 /Users/fdc-ramces-mt-web/Documents/trainings/message_board/lib/Cake/View/View.php(473): View->_render('/Users/fdc-ramc...')
#2 /Users/fdc-ramces-mt-web/Documents/trainings/message_board/lib/Cake/Controller/Controller.php(968): View->render(NULL, NULL)
#3 /Users/fdc-ramces-mt-web/Documents/trainings/message_board/lib/Cake/Routing/Dispatcher.php(200): Controller->render()
#4 /Users/fdc-ramces-mt-web/Documents/trainings/message_board/lib/Cake/Routing/Dispatcher.php(167): Dispatcher->_invoke(Object(MessagesController), Object(CakeRequest))
#5 /Users/fdc-ramces-mt-web/Documents/trainings/message_board/app/webroot/index.php(117): Dispatcher->dispatch(Object(CakeRequest), Object(CakeResponse))
#6 {main}
2024-02-27 09:09:05 Error: [MissingControllerException] Controller class CssController could not be found.
Exception Attributes: array (
  'class' => 'CssController',
  'plugin' => NULL,
)
Request URL: /css/bootstrap.min.css.map
Stack Trace:
#0 /Users/fdc-ramces-mt-web/Documents/trainings/message_board/app/webroot/index.php(117): Dispatcher->dispatch(Object(CakeRequest), Object(CakeResponse))
#1 {main}
2024-02-27 09:09:31 Error: [MissingControllerException] Controller class CssController could not be found.
Exception Attributes: array (
  'class' => 'CssController',
  'plugin' => NULL,
)
Request URL: /css/bootstrap.min.css.map
Stack Trace:
#0 /Users/fdc-ramces-mt-web/Documents/trainings/message_board/app/webroot/index.php(117): Dispatcher->dispatch(Object(CakeRequest), Object(CakeResponse))
#1 {main}
2024-02-27 09:24:24 Error: [MissingControllerException] Controller class CssController could not be found.
Exception Attributes: array (
  'class' => 'CssController',
  'plugin' => NULL,
)
Request URL: /css/bootstrap.min.css.map
Stack Trace:
#0 /Users/fdc-ramces-mt-web/Documents/trainings/message_board/app/webroot/index.php(117): Dispatcher->dispatch(Object(CakeRequest), Object(CakeResponse))
#1 {main}
2024-02-27 09:25:09 Error: [MissingControllerException] Controller class CssController could not be found.
Exception Attributes: array (
  'class' => 'CssController',
  'plugin' => NULL,
)
Request URL: /css/bootstrap.min.css.map
Stack Trace:
#0 /Users/fdc-ramces-mt-web/Documents/trainings/message_board/app/webroot/index.php(117): Dispatcher->dispatch(Object(CakeRequest), Object(CakeResponse))
#1 {main}
2024-02-27 09:25:10 Error: [MissingControllerException] Controller class CssController could not be found.
Exception Attributes: array (
  'class' => 'CssController',
  'plugin' => NULL,
)
Request URL: /css/bootstrap.min.css.map
Stack Trace:
#0 /Users/fdc-ramces-mt-web/Documents/trainings/message_board/app/webroot/index.php(117): Dispatcher->dispatch(Object(CakeRequest), Object(CakeResponse))
#1 {main}
2024-02-27 09:25:39 Error: [MissingControllerException] Controller class CssController could not be found.
Exception Attributes: array (
  'class' => 'CssController',
  'plugin' => NULL,
)
Request URL: /css/bootstrap.min.css.map
Stack Trace:
#0 /Users/fdc-ramces-mt-web/Documents/trainings/message_board/app/webroot/index.php(117): Dispatcher->dispatch(Object(CakeRequest), Object(CakeResponse))
#1 {main}
2024-02-27 09:32:31 Error: [MissingViewException] View file "Messages/send_message.ctp" is missing.
Exception Attributes: array (
  'file' => 'Messages/send_message.ctp',
)
Request URL: /messages/sendMessage
Stack Trace:
#0 /Users/fdc-ramces-mt-web/Documents/trainings/message_board/lib/Cake/View/View.php(470): View->_getViewFileName('Messages/send_m...')
#1 /Users/fdc-ramces-mt-web/Documents/trainings/message_board/lib/Cake/Controller/Controller.php(968): View->render(NULL, NULL)
#2 /Users/fdc-ramces-mt-web/Documents/trainings/message_board/lib/Cake/Routing/Dispatcher.php(200): Controller->render()
#3 /Users/fdc-ramces-mt-web/Documents/trainings/message_board/lib/Cake/Routing/Dispatcher.php(167): Dispatcher->_invoke(Object(MessagesController), Object(CakeRequest))
#4 /Users/fdc-ramces-mt-web/Documents/trainings/message_board/app/webroot/index.php(117): Dispatcher->dispatch(Object(CakeRequest), Object(CakeResponse))
#5 {main}
2024-02-27 10:08:24 Error: [MissingControllerException] Controller class MessagedController could not be found.
Exception Attributes: array (
  'class' => 'MessagedController',
  'plugin' => NULL,
)
Request URL: /messaged
Stack Trace:
#0 /Users/fdc-ramces-mt-web/Documents/trainings/message_board/app/webroot/index.php(117): Dispatcher->dispatch(Object(CakeRequest), Object(CakeResponse))
#1 {main}
